c:\users\bobby\source\repos\gameengine_sfml_v1.01\sfml_tutorial\x64\debug\vc143.pdb
c:\users\bobby\source\repos\gameengine_sfml_v1.01\sfml_tutorial\x64\debug\vc143.idb
c:\users\bobby\source\repos\gameengine_sfml_v1.01\sfml_tutorial\x64\debug\rigidbody.obj
c:\users\bobby\source\repos\gameengine_sfml_v1.01\sfml_tutorial\x64\debug\physics.obj
c:\users\bobby\source\repos\gameengine_sfml_v1.01\sfml_tutorial\x64\debug\pch.obj
c:\users\bobby\source\repos\gameengine_sfml_v1.01\sfml_tutorial\x64\debug\particlesystem.obj
c:\users\bobby\source\repos\gameengine_sfml_v1.01\sfml_tutorial\x64\debug\particle.obj
c:\users\bobby\source\repos\gameengine_sfml_v1.01\sfml_tutorial\x64\debug\myparticlesystem.obj
c:\users\bobby\source\repos\gameengine_sfml_v1.01\sfml_tutorial\x64\debug\mousepoint.obj
c:\users\bobby\source\repos\gameengine_sfml_v1.01\sfml_tutorial\x64\debug\monobehaviour.obj
c:\users\bobby\source\repos\gameengine_sfml_v1.01\sfml_tutorial\x64\debug\mathf.obj
c:\users\bobby\source\repos\gameengine_sfml_v1.01\sfml_tutorial\x64\debug\main.obj
c:\users\bobby\source\repos\gameengine_sfml_v1.01\sfml_tutorial\x64\debug\input.obj
c:\users\bobby\source\repos\gameengine_sfml_v1.01\sfml_tutorial\x64\debug\gameobject.obj
c:\users\bobby\source\repos\gameengine_sfml_v1.01\sfml_tutorial\x64\debug\emptycomponent.obj
c:\users\bobby\source\repos\gameengine_sfml_v1.01\sfml_tutorial\x64\debug\debug.obj
c:\users\bobby\source\repos\gameengine_sfml_v1.01\sfml_tutorial\x64\debug\component.obj
c:\users\bobby\source\repos\gameengine_sfml_v1.01\sfml_tutorial\x64\debug\collider.obj
c:\users\bobby\source\repos\gameengine_sfml_v1.01\sfml_tutorial\x64\debug\circlecollider.obj
c:\users\bobby\source\repos\gameengine_sfml_v1.01\sfml_tutorial\x64\debug\canvas.obj
c:\users\bobby\source\repos\gameengine_sfml_v1.01\sfml_tutorial\x64\debug\boxcollider.obj
c:\users\bobby\source\repos\gameengine_sfml_v1.01\sfml_tutorial\x64\debug\animation.obj
c:\users\bobby\source\repos\gameengine_sfml_v1.01\sfml_tutorial\x64\debug\ui_text.obj
c:\users\bobby\source\repos\gameengine_sfml_v1.01\sfml_tutorial\x64\debug\ui_button.obj
c:\users\bobby\source\repos\gameengine_sfml_v1.01\sfml_tutorial\x64\debug\scenewindow.obj
c:\users\bobby\source\repos\gameengine_sfml_v1.01\sfml_tutorial\x64\debug\scene.obj
c:\users\bobby\source\repos\gameengine_sfml_v1.01\sfml_tutorial\x64\debug\animation.nativecodeanalysis.xml
c:\users\bobby\source\repos\gameengine_sfml_v1.01\sfml_tutorial\x64\debug\boxcollider.nativecodeanalysis.xml
c:\users\bobby\source\repos\gameengine_sfml_v1.01\sfml_tutorial\x64\debug\canvas.nativecodeanalysis.xml
c:\users\bobby\source\repos\gameengine_sfml_v1.01\sfml_tutorial\x64\debug\circlecollider.nativecodeanalysis.xml
c:\users\bobby\source\repos\gameengine_sfml_v1.01\sfml_tutorial\x64\debug\collider.nativecodeanalysis.xml
c:\users\bobby\source\repos\gameengine_sfml_v1.01\sfml_tutorial\x64\debug\component.nativecodeanalysis.xml
c:\users\bobby\source\repos\gameengine_sfml_v1.01\sfml_tutorial\x64\debug\debug.nativecodeanalysis.xml
c:\users\bobby\source\repos\gameengine_sfml_v1.01\sfml_tutorial\x64\debug\emptycomponent.nativecodeanalysis.xml
c:\users\bobby\source\repos\gameengine_sfml_v1.01\sfml_tutorial\x64\debug\gameobject.nativecodeanalysis.xml
c:\users\bobby\source\repos\gameengine_sfml_v1.01\sfml_tutorial\x64\debug\input.nativecodeanalysis.xml
c:\users\bobby\source\repos\gameengine_sfml_v1.01\sfml_tutorial\x64\debug\main.nativecodeanalysis.xml
c:\users\bobby\source\repos\gameengine_sfml_v1.01\sfml_tutorial\x64\debug\mathf.nativecodeanalysis.xml
c:\users\bobby\source\repos\gameengine_sfml_v1.01\sfml_tutorial\x64\debug\monobehaviour.nativecodeanalysis.xml
c:\users\bobby\source\repos\gameengine_sfml_v1.01\sfml_tutorial\x64\debug\mousepoint.nativecodeanalysis.xml
c:\users\bobby\source\repos\gameengine_sfml_v1.01\sfml_tutorial\x64\debug\myparticlesystem.nativecodeanalysis.xml
c:\users\bobby\source\repos\gameengine_sfml_v1.01\sfml_tutorial\x64\debug\particle.nativecodeanalysis.xml
c:\users\bobby\source\repos\gameengine_sfml_v1.01\sfml_tutorial\x64\debug\particlesystem.nativecodeanalysis.xml
c:\users\bobby\source\repos\gameengine_sfml_v1.01\sfml_tutorial\x64\debug\pch.nativecodeanalysis.xml
c:\users\bobby\source\repos\gameengine_sfml_v1.01\sfml_tutorial\x64\debug\physics.nativecodeanalysis.xml
c:\users\bobby\source\repos\gameengine_sfml_v1.01\sfml_tutorial\x64\debug\rigidbody.nativecodeanalysis.xml
c:\users\bobby\source\repos\gameengine_sfml_v1.01\sfml_tutorial\x64\debug\scene.nativecodeanalysis.xml
c:\users\bobby\source\repos\gameengine_sfml_v1.01\sfml_tutorial\x64\debug\scenewindow.nativecodeanalysis.xml
c:\users\bobby\source\repos\gameengine_sfml_v1.01\sfml_tutorial\x64\debug\ui_button.nativecodeanalysis.xml
c:\users\bobby\source\repos\gameengine_sfml_v1.01\sfml_tutorial\x64\debug\ui_text.nativecodeanalysis.xml
c:\users\bobby\source\repos\gameengine_sfml_v1.01\x64\debug\gameengie.pdb
c:\users\bobby\source\repos\gameengine_sfml_v1.01\sfml_tutorial\x64\debug\gameengie.tlog\cl.command.1.tlog
c:\users\bobby\source\repos\gameengine_sfml_v1.01\sfml_tutorial\x64\debug\gameengie.tlog\cl.read.1.tlog
c:\users\bobby\source\repos\gameengine_sfml_v1.01\sfml_tutorial\x64\debug\gameengie.tlog\cl.write.1.tlog
c:\users\bobby\source\repos\gameengine_sfml_v1.01\sfml_tutorial\x64\debug\gameengie.tlog\link-cvtres.read.1.tlog
c:\users\bobby\source\repos\gameengine_sfml_v1.01\sfml_tutorial\x64\debug\gameengie.tlog\link-cvtres.write.1.tlog
c:\users\bobby\source\repos\gameengine_sfml_v1.01\sfml_tutorial\x64\debug\gameengie.tlog\link-rc.read.1.tlog
c:\users\bobby\source\repos\gameengine_sfml_v1.01\sfml_tutorial\x64\debug\gameengie.tlog\link-rc.write.1.tlog
c:\users\bobby\source\repos\gameengine_sfml_v1.01\sfml_tutorial\x64\debug\gameengie.tlog\link.command.1.tlog
c:\users\bobby\source\repos\gameengine_sfml_v1.01\sfml_tutorial\x64\debug\gameengie.tlog\link.read.1.tlog
c:\users\bobby\source\repos\gameengine_sfml_v1.01\sfml_tutorial\x64\debug\gameengie.tlog\link.read.2.tlog
c:\users\bobby\source\repos\gameengine_sfml_v1.01\sfml_tutorial\x64\debug\gameengie.tlog\link.write.1.tlog
