  Animation.cpp
C:\Users\Bobby\source\repos\GameEngine_sfml\SFML_Tutorial\Animation.cpp(11,38): warning C4244: '=': conversion from 'float' to 'T', possible loss of data
          with
          [
              T=int
          ]
C:\Users\Bobby\source\repos\GameEngine_sfml\SFML_Tutorial\Animation.cpp(12,39): warning C4244: '=': conversion from 'float' to 'T', possible loss of data
          with
          [
              T=int
          ]
C:\Users\Bobby\source\repos\GameEngine_sfml\SFML_Tutorial\Animation.cpp(51,22): warning C4018: '>=': signed/unsigned mismatch
  Canvas.cpp
  Component.cpp
  GameObject.cpp
  main.cpp
C:\Users\Bobby\source\repos\GameEngine_sfml\SFML_Tutorial\main.cpp(78,58): warning C4244: 'argument': conversion from 'T' to 'float', possible loss of data
          with
          [
              T=unsigned int
          ]
C:\Users\Bobby\source\repos\GameEngine_sfml\SFML_Tutorial\main.cpp(78,34): warning C4244: 'argument': conversion from 'double' to 'float', possible loss of data
  Monobehaviour.cpp
  Generating Code...
C:\Users\Bobby\source\repos\GameEngine_sfml\SFML_Tutorial\main.cpp(169): warning C4715: 'GetProjectile': not all control paths return a value
  SFML_Tutorial.vcxproj -> C:\Users\Bobby\source\repos\GameEngine_sfml\x64\Debug\SFML_Tutorial.exe
