c:\users\bobby\source\repos\gameengine_sfml\sfml_tutorial\x64\debug\vc143.pdb
c:\users\bobby\source\repos\gameengine_sfml\sfml_tutorial\x64\debug\vc143.idb
c:\users\bobby\source\repos\gameengine_sfml\sfml_tutorial\x64\debug\rigidbody.obj
c:\users\bobby\source\repos\gameengine_sfml\sfml_tutorial\x64\debug\physics.obj
c:\users\bobby\source\repos\gameengine_sfml\sfml_tutorial\x64\debug\pch.obj
c:\users\bobby\source\repos\gameengine_sfml\sfml_tutorial\x64\debug\particlesystem.obj
c:\users\bobby\source\repos\gameengine_sfml\sfml_tutorial\x64\debug\monobehaviour.obj
c:\users\bobby\source\repos\gameengine_sfml\sfml_tutorial\x64\debug\mathf.obj
c:\users\bobby\source\repos\gameengine_sfml\sfml_tutorial\x64\debug\main.obj
c:\users\bobby\source\repos\gameengine_sfml\sfml_tutorial\x64\debug\input.obj
c:\users\bobby\source\repos\gameengine_sfml\sfml_tutorial\x64\debug\gameobject.obj
c:\users\bobby\source\repos\gameengine_sfml\sfml_tutorial\x64\debug\debug.obj
c:\users\bobby\source\repos\gameengine_sfml\sfml_tutorial\x64\debug\component.obj
c:\users\bobby\source\repos\gameengine_sfml\sfml_tutorial\x64\debug\collider.obj
c:\users\bobby\source\repos\gameengine_sfml\sfml_tutorial\x64\debug\circlecollider.obj
c:\users\bobby\source\repos\gameengine_sfml\sfml_tutorial\x64\debug\canvas.obj
c:\users\bobby\source\repos\gameengine_sfml\sfml_tutorial\x64\debug\boxcollider.obj
c:\users\bobby\source\repos\gameengine_sfml\sfml_tutorial\x64\debug\animation.obj
c:\users\bobby\source\repos\gameengine_sfml\sfml_tutorial\x64\debug\emptycomponent.obj
c:\users\bobby\desktop\tempsfmlproject\gameengine_sfml-development\gameengine_sfml-development\sfml_tutorial\x64\debug\vc143.pdb
c:\users\bobby\desktop\tempsfmlproject\gameengine_sfml-development\gameengine_sfml-development\sfml_tutorial\x64\debug\vc143.idb
c:\users\bobby\desktop\tempsfmlproject\gameengine_sfml-development\gameengine_sfml-development\sfml_tutorial\x64\debug\rigidbody.obj
c:\users\bobby\desktop\tempsfmlproject\gameengine_sfml-development\gameengine_sfml-development\sfml_tutorial\x64\debug\physics.obj
c:\users\bobby\desktop\tempsfmlproject\gameengine_sfml-development\gameengine_sfml-development\sfml_tutorial\x64\debug\pch.obj
c:\users\bobby\desktop\tempsfmlproject\gameengine_sfml-development\gameengine_sfml-development\sfml_tutorial\x64\debug\particlesystem.obj
c:\users\bobby\desktop\tempsfmlproject\gameengine_sfml-development\gameengine_sfml-development\sfml_tutorial\x64\debug\monobehaviour.obj
c:\users\bobby\desktop\tempsfmlproject\gameengine_sfml-development\gameengine_sfml-development\sfml_tutorial\x64\debug\mathf.obj
c:\users\bobby\desktop\tempsfmlproject\gameengine_sfml-development\gameengine_sfml-development\sfml_tutorial\x64\debug\main.obj
c:\users\bobby\desktop\tempsfmlproject\gameengine_sfml-development\gameengine_sfml-development\sfml_tutorial\x64\debug\input.obj
c:\users\bobby\desktop\tempsfmlproject\gameengine_sfml-development\gameengine_sfml-development\sfml_tutorial\x64\debug\boxcollider.obj
c:\users\bobby\desktop\tempsfmlproject\gameengine_sfml-development\gameengine_sfml-development\sfml_tutorial\x64\debug\canvas.obj
c:\users\bobby\desktop\tempsfmlproject\gameengine_sfml-development\gameengine_sfml-development\sfml_tutorial\x64\debug\circlecollider.obj
c:\users\bobby\desktop\tempsfmlproject\gameengine_sfml-development\gameengine_sfml-development\sfml_tutorial\x64\debug\collider.obj
c:\users\bobby\desktop\tempsfmlproject\gameengine_sfml-development\gameengine_sfml-development\sfml_tutorial\x64\debug\component.obj
c:\users\bobby\desktop\tempsfmlproject\gameengine_sfml-development\gameengine_sfml-development\sfml_tutorial\x64\debug\debug.obj
c:\users\bobby\desktop\tempsfmlproject\gameengine_sfml-development\gameengine_sfml-development\sfml_tutorial\x64\debug\emptycomponent.obj
c:\users\bobby\source\repos\gameengine_sfml\x64\debug\sfml_tutorial.exe
c:\users\bobby\source\repos\gameengine_sfml\sfml_tutorial\x64\debug\sfml_tutorial.ilk
c:\users\bobby\source\repos\gameengine_sfml\x64\debug\sfml_tutorial.pdb
c:\users\bobby\desktop\tempsfmlproject\gameengine_sfml-development\gameengine_sfml-development\sfml_tutorial\x64\debug\animation.obj
c:\users\bobby\desktop\tempsfmlproject\gameengine_sfml-development\gameengine_sfml-development\sfml_tutorial\x64\debug\myparticle.obj
c:\users\bobby\desktop\tempsfmlproject\gameengine_sfml-development\gameengine_sfml-development\sfml_tutorial\x64\debug\ui_botton.obj
c:\users\bobby\desktop\tempsfmlproject\gameengine_sfml-development\gameengine_sfml-development\sfml_tutorial\x64\debug\ui_text.obj
c:\users\bobby\desktop\tempsfmlproject\gameengine_sfml-development\gameengine_sfml-development\sfml_tutorial\x64\debug\sfml_tutorial.ilk
c:\users\bobby\desktop\tempsfmlproject\gameengine_sfml-development\gameengine_sfml-development\x64\debug\sfml_tutorial.pdb
c:\users\bobby\desktop\tempsfmlproject\gameengine_sfml-development\gameengine_sfml-development\x64\debug\sfml_tutorial.exe
c:\users\bobby\desktop\tempsfmlproject\gameengine_sfml-development\gameengine_sfml-development\sfml_tutorial\x64\debug\sfml_tutorial.tlog\cl.command.1.tlog
c:\users\bobby\desktop\tempsfmlproject\gameengine_sfml-development\gameengine_sfml-development\sfml_tutorial\x64\debug\sfml_tutorial.tlog\cl.read.1.tlog
c:\users\bobby\desktop\tempsfmlproject\gameengine_sfml-development\gameengine_sfml-development\sfml_tutorial\x64\debug\sfml_tutorial.tlog\cl.write.1.tlog
c:\users\bobby\desktop\tempsfmlproject\gameengine_sfml-development\gameengine_sfml-development\sfml_tutorial\x64\debug\sfml_tutorial.tlog\link.command.1.tlog
c:\users\bobby\desktop\tempsfmlproject\gameengine_sfml-development\gameengine_sfml-development\sfml_tutorial\x64\debug\sfml_tutorial.tlog\link.read.1.tlog
c:\users\bobby\desktop\tempsfmlproject\gameengine_sfml-development\gameengine_sfml-development\sfml_tutorial\x64\debug\sfml_tutorial.tlog\link.write.1.tlog
